{
  "RSpec": {
    "coverage": {
      "/Users/heo001997/Personal/40-KYKLO/stack/spec/stack_spec.rb": {
        "lines": [
          null,
          null,
          1,
          1,
          null,
          1,
          8,
          4,
          null,
          1,
          2,
          4,
          null,
          null,
          null,
          1,
          1,
          1,
          1,
          null,
          1,
          null,
          null,
          null,
          1,
          1,
          1,
          null,
          1,
          null,
          null,
          1,
          null,
          null,
          1,
          1,
          1,
          null,
          1,
          1,
          null,
          null,
          1,
          null,
          null,
          1,
          1,
          1,
          null,
          1,
          null,
          null,
          1,
          1,
          null,
          null,
          null,
          null
        ]
      },
      "/Users/heo001997/Personal/40-KYKLO/stack/structures/stack.rb": {
        "lines": [
          null,
          null,
          1,
          1,
          null,
          1,
          7,
          null,
          null,
          1,
          4,
          null,
          null,
          1,
          2,
          1,
          null,
          null,
          1,
          3,
          2,
          null,
          null,
          1,
          8,
          null,
          null
        ]
      },
      "/Users/heo001997/Personal/40-KYKLO/stack/custom_exceptions/stack_is_empty.rb": {
        "lines": [
          null,
          null,
          1
        ]
      }
    },
    "timestamp": 1719162937
  }
}
